Traceback (most recent call last):
  File "/Users/ashley/anaconda3/lib/python3.7/site-packages/jupyter_cache/executors/utils.py", line 56, in single_nb_execution
    record_timing=False,
  File "/Users/ashley/anaconda3/lib/python3.7/site-packages/nbclient/client.py", line 1112, in execute
    return NotebookClient(nb=nb, resources=resources, km=km, **kwargs).execute()
  File "/Users/ashley/anaconda3/lib/python3.7/site-packages/nbclient/util.py", line 74, in wrapped
    return just_run(coro(*args, **kwargs))
  File "/Users/ashley/anaconda3/lib/python3.7/site-packages/nbclient/util.py", line 53, in just_run
    return loop.run_until_complete(coro)
  File "/Users/ashley/anaconda3/lib/python3.7/asyncio/base_events.py", line 584, in run_until_complete
    return future.result()
  File "/Users/ashley/anaconda3/lib/python3.7/site-packages/nbclient/client.py", line 554, in async_execute
    cell, index, execution_count=self.code_cells_executed + 1
  File "/Users/ashley/anaconda3/lib/python3.7/site-packages/nbclient/client.py", line 857, in async_execute_cell
    self._check_raise_for_error(cell, exec_reply)
  File "/Users/ashley/anaconda3/lib/python3.7/site-packages/nbclient/client.py", line 760, in _check_raise_for_error
    raise CellExecutionError.from_cell_and_msg(cell, exec_reply_content)
nbclient.exceptions.CellExecutionError: An error occurred while executing the following cell:
------------------
# Import our toolboxes
import allensdk.brain_observatory.stimulus_info as stim_info
from allensdk.core.brain_observatory_cache import BrainObservatoryCache
import pandas as pd 
import matplotlib.pyplot as plt
print('Packages installed.')
------------------

[0;31m---------------------------------------------------------------------------[0m
[0;31mModuleNotFoundError[0m                       Traceback (most recent call last)
[0;32m<ipython-input-2-52191aaeccbd>[0m in [0;36m<module>[0;34m[0m
[1;32m      1[0m [0;31m# Import our toolboxes[0m[0;34m[0m[0;34m[0m[0;34m[0m[0m
[1;32m      2[0m [0;32mimport[0m [0mallensdk[0m[0;34m.[0m[0mbrain_observatory[0m[0;34m.[0m[0mstimulus_info[0m [0;32mas[0m [0mstim_info[0m[0;34m[0m[0;34m[0m[0m
[0;32m----> 3[0;31m [0;32mfrom[0m [0mallensdk[0m[0;34m.[0m[0mcore[0m[0;34m.[0m[0mbrain_observatory_cache[0m [0;32mimport[0m [0mBrainObservatoryCache[0m[0;34m[0m[0;34m[0m[0m
[0m[1;32m      4[0m [0;32mimport[0m [0mpandas[0m [0;32mas[0m [0mpd[0m[0;34m[0m[0;34m[0m[0m
[1;32m      5[0m [0;32mimport[0m [0mmatplotlib[0m[0;34m.[0m[0mpyplot[0m [0;32mas[0m [0mplt[0m[0;34m[0m[0;34m[0m[0m

[0;32m~/anaconda3/lib/python3.7/site-packages/allensdk/core/brain_observatory_cache.py[0m in [0;36m<module>[0;34m[0m
[1;32m     44[0m [0;32mfrom[0m [0mallensdk[0m[0;34m.[0m[0mapi[0m[0;34m.[0m[0mqueries[0m[0;34m.[0m[0mbrain_observatory_api[0m [0;32mimport[0m [0mBrainObservatoryApi[0m[0;34m[0m[0;34m[0m[0m
[1;32m     45[0m [0;32mfrom[0m [0mallensdk[0m[0;34m.[0m[0mconfig[0m[0;34m.[0m[0mmanifest_builder[0m [0;32mimport[0m [0mManifestBuilder[0m[0;34m[0m[0;34m[0m[0m
[0;32m---> 46[0;31m [0;32mfrom[0m [0;34m.[0m[0mbrain_observatory_nwb_data_set[0m [0;32mimport[0m [0mBrainObservatoryNwbDataSet[0m[0;34m[0m[0;34m[0m[0m
[0m[1;32m     47[0m [0;32mimport[0m [0mallensdk[0m[0;34m.[0m[0mbrain_observatory[0m[0;34m.[0m[0mstimulus_info[0m [0;32mas[0m [0mstim_info[0m[0;34m[0m[0;34m[0m[0m
[1;32m     48[0m [0;34m[0m[0m

[0;32m~/anaconda3/lib/python3.7/site-packages/allensdk/core/brain_observatory_nwb_data_set.py[0m in [0;36m<module>[0;34m[0m
[1;32m     43[0m [0;32mfrom[0m [0mpkg_resources[0m [0;32mimport[0m [0mparse_version[0m[0;34m[0m[0;34m[0m[0m
[1;32m     44[0m [0;34m[0m[0m
[0;32m---> 45[0;31m [0;32mimport[0m [0mh5py[0m[0;34m[0m[0;34m[0m[0m
[0m[1;32m     46[0m [0;32mimport[0m [0mpandas[0m [0;32mas[0m [0mpd[0m[0;34m[0m[0;34m[0m[0m
[1;32m     47[0m [0;32mimport[0m [0mnumpy[0m [0;32mas[0m [0mnp[0m[0;34m[0m[0;34m[0m[0m

[0;31mModuleNotFoundError[0m: No module named 'h5py'
ModuleNotFoundError: No module named 'h5py'

