Traceback (most recent call last):
  File "/Users/ashley/anaconda3/envs/jb/lib/python3.11/site-packages/jupyter_cache/executors/utils.py", line 58, in single_nb_execution
    executenb(
  File "/Users/ashley/anaconda3/envs/jb/lib/python3.11/site-packages/nbclient/client.py", line 1305, in execute
    return NotebookClient(nb=nb, resources=resources, km=km, **kwargs).execute()
           ^^^^^^^^^^^^^^^^^^^^^^^^^^^^^^^^^^^^^^^^^^^^^^^^^^^^^^^^^^^^^^^^^^^^^
  File "/Users/ashley/anaconda3/envs/jb/lib/python3.11/site-packages/jupyter_core/utils/__init__.py", line 166, in wrapped
    return loop.run_until_complete(inner)
           ^^^^^^^^^^^^^^^^^^^^^^^^^^^^^^
  File "/Users/ashley/anaconda3/envs/jb/lib/python3.11/asyncio/base_events.py", line 650, in run_until_complete
    return future.result()
           ^^^^^^^^^^^^^^^
  File "/Users/ashley/anaconda3/envs/jb/lib/python3.11/contextlib.py", line 222, in __aexit__
    await self.gen.athrow(typ, value, traceback)
  File "/Users/ashley/anaconda3/envs/jb/lib/python3.11/site-packages/nbclient/client.py", line 650, in async_setup_kernel
    yield
  File "/Users/ashley/anaconda3/envs/jb/lib/python3.11/site-packages/nbclient/client.py", line 705, in async_execute
    await self.async_execute_cell(
  File "/Users/ashley/anaconda3/envs/jb/lib/python3.11/site-packages/nbclient/client.py", line 1058, in async_execute_cell
    await self._check_raise_for_error(cell, cell_index, exec_reply)
  File "/Users/ashley/anaconda3/envs/jb/lib/python3.11/site-packages/nbclient/client.py", line 914, in _check_raise_for_error
    raise CellExecutionError.from_cell_and_msg(cell, exec_reply_content)
nbclient.exceptions.CellExecutionError: An error occurred while executing the following cell:
------------------
# This will ensure that the AllenSDK is installed.
# If not, it will install it for you.
try:
    import allensdk
    if allensdk.__version__ == '2.13.6':
        print('allensdk already installed.')
    else:
        response = input('Old version of AllenSDK installed. Would you like to install a newer version? (Y/N)')
        if response.upper() == 'Y':
            !pip install --upgrade allensdk
except ImportError as e:
    !pip install allensdk
------------------


[0;31m---------------------------------------------------------------------------[0m
[0;31mStdinNotImplementedError[0m                  Traceback (most recent call last)
Cell [0;32mIn[4], line 8[0m
[1;32m      6[0m     [38;5;28mprint[39m([38;5;124m'[39m[38;5;124mallensdk already installed.[39m[38;5;124m'[39m)
[1;32m      7[0m [38;5;28;01melse[39;00m:
[0;32m----> 8[0m     response [38;5;241m=[39m [38;5;28;43minput[39;49m[43m([49m[38;5;124;43m'[39;49m[38;5;124;43mOld version of AllenSDK installed. Would you like to install a newer version? (Y/N)[39;49m[38;5;124;43m'[39;49m[43m)[49m
[1;32m      9[0m     [38;5;28;01mif[39;00m response[38;5;241m.[39mupper() [38;5;241m==[39m [38;5;124m'[39m[38;5;124mY[39m[38;5;124m'[39m:
[1;32m     10[0m         get_ipython()[38;5;241m.[39msystem([38;5;124m'[39m[38;5;124mpip install --upgrade allensdk[39m[38;5;124m'[39m)

File [0;32m~/anaconda3/envs/jb/lib/python3.11/site-packages/ipykernel/kernelbase.py:1201[0m, in [0;36mKernel.raw_input[0;34m(self, prompt)[0m
[1;32m   1199[0m [38;5;28;01mif[39;00m [38;5;129;01mnot[39;00m [38;5;28mself[39m[38;5;241m.[39m_allow_stdin:
[1;32m   1200[0m     msg [38;5;241m=[39m [38;5;124m"[39m[38;5;124mraw_input was called, but this frontend does not support input requests.[39m[38;5;124m"[39m
[0;32m-> 1201[0m     [38;5;28;01mraise[39;00m StdinNotImplementedError(msg)
[1;32m   1202[0m [38;5;28;01mreturn[39;00m [38;5;28mself[39m[38;5;241m.[39m_input_request(
[1;32m   1203[0m     [38;5;28mstr[39m(prompt),
[1;32m   1204[0m     [38;5;28mself[39m[38;5;241m.[39m_parent_ident[[38;5;124m"[39m[38;5;124mshell[39m[38;5;124m"[39m],
[1;32m   1205[0m     [38;5;28mself[39m[38;5;241m.[39mget_parent([38;5;124m"[39m[38;5;124mshell[39m[38;5;124m"[39m),
[1;32m   1206[0m     password[38;5;241m=[39m[38;5;28;01mFalse[39;00m,
[1;32m   1207[0m )

[0;31mStdinNotImplementedError[0m: raw_input was called, but this frontend does not support input requests.

